0 info it worked if it ends with ok
1 verbose cli [ 'node', '/usr/local/bin/npm', 'install', 'ngLoading', '--save' ]
2 info using npm@1.4.15
3 info using node@v0.10.28
4 verbose node symlink /usr/local/bin/node
5 verbose readDependencies using package.json deps
6 verbose cache add [ 'ngLoading', null ]
7 verbose cache add name=undefined spec="ngLoading" args=["ngLoading",null]
8 verbose parsed url { protocol: null,
8 verbose parsed url   slashes: null,
8 verbose parsed url   auth: null,
8 verbose parsed url   host: null,
8 verbose parsed url   port: null,
8 verbose parsed url   hostname: null,
8 verbose parsed url   hash: null,
8 verbose parsed url   search: null,
8 verbose parsed url   query: null,
8 verbose parsed url   pathname: 'ngLoading',
8 verbose parsed url   path: 'ngLoading',
8 verbose parsed url   href: 'ngLoading' }
9 silly lockFile 56cfa3f5-ngLoading ngLoading
10 verbose lock ngLoading /Users/brianiversen/.npm/56cfa3f5-ngLoading.lock
11 silly lockFile 56cfa3f5-ngLoading ngLoading
12 silly lockFile 56cfa3f5-ngLoading ngLoading
13 verbose addNamed [ 'ngLoading', '' ]
14 verbose addNamed [ null, '*' ]
15 silly lockFile e2a7d222-ngLoading ngLoading@
16 verbose lock ngLoading@ /Users/brianiversen/.npm/e2a7d222-ngLoading.lock
17 silly addNameRange { name: 'ngLoading', range: '*', hasData: false }
18 verbose url raw ngLoading
19 verbose url resolving [ 'https://registry.npmjs.org/', './ngLoading' ]
20 verbose url resolved https://registry.npmjs.org/ngLoading
21 info trying registry request attempt 1 at 18:42:06
22 http GET https://registry.npmjs.org/ngLoading
23 http 404 https://registry.npmjs.org/ngLoading
24 verbose headers { date: 'Tue, 25 Nov 2014 02:42:07 GMT',
24 verbose headers   server: 'CouchDB/1.5.0 (Erlang OTP/R16B03)',
24 verbose headers   'content-type': 'application/json',
24 verbose headers   'cache-control': 'max-age=0',
24 verbose headers   'content-length': '52',
24 verbose headers   'accept-ranges': 'bytes',
24 verbose headers   via: '1.1 varnish',
24 verbose headers   age: '0',
24 verbose headers   'x-served-by': 'cache-lax1421-LAX',
24 verbose headers   'x-cache': 'MISS',
24 verbose headers   'x-cache-hits': '0',
24 verbose headers   'x-timer': 'S1416883326.994401,VS0,VE42',
24 verbose headers   'keep-alive': 'timeout=10, max=50',
24 verbose headers   connection: 'Keep-Alive' }
25 silly registry.get cb [ 404,
25 silly registry.get   { date: 'Tue, 25 Nov 2014 02:42:07 GMT',
25 silly registry.get     server: 'CouchDB/1.5.0 (Erlang OTP/R16B03)',
25 silly registry.get     'content-type': 'application/json',
25 silly registry.get     'cache-control': 'max-age=0',
25 silly registry.get     'content-length': '52',
25 silly registry.get     'accept-ranges': 'bytes',
25 silly registry.get     via: '1.1 varnish',
25 silly registry.get     age: '0',
25 silly registry.get     'x-served-by': 'cache-lax1421-LAX',
25 silly registry.get     'x-cache': 'MISS',
25 silly registry.get     'x-cache-hits': '0',
25 silly registry.get     'x-timer': 'S1416883326.994401,VS0,VE42',
25 silly registry.get     'keep-alive': 'timeout=10, max=50',
25 silly registry.get     connection: 'Keep-Alive' } ]
26 silly lockFile e2a7d222-ngLoading ngLoading@
27 silly lockFile e2a7d222-ngLoading ngLoading@
28 error 404 404 Not Found: ngLoading
28 error 404
28 error 404 'ngLoading' is not in the npm registry.
28 error 404 You should bug the author to publish it
28 error 404 It was specified as a dependency of 'data-geyser'
28 error 404
28 error 404 Note that you can also install from a
28 error 404 tarball, folder, or http url, or git url.
29 error System Darwin 13.4.0
30 error command "node" "/usr/local/bin/npm" "install" "ngLoading" "--save"
31 error cwd /Users/brianiversen/Desktop/Coding/Data-Geyser
32 error node -v v0.10.28
33 error npm -v 1.4.15
34 error code E404
35 verbose exit [ 1, true ]
